生成启动时间为 2013/9/15 21:15:04。
     1>项目“\\psf\Home\Desktop\图片管理器\PicManage\图片管理器\图片管理器.vcxproj”在节点 2 上(Build 个目标)。
     1>ClCompile:
         C:\Program Files (x86)\Microsoft Visual Studio 11.0\VC\bin\CL.exe /c /ZI /nologo /W3 /WX- /sdl /Od /Oy- /D WIN32 /D _WINDOWS /D _DEBUG /D _MBCS /Gm /EHsc /RTC1 /MTd /GS /fp:precise /Zc:wchar_t /Zc:forScope /Yc"stdafx.h" /Fp"Debug\图片管理器.pch" /Fo"Debug\\" /Fd"Debug\vc110.pdb" /Gd /TP /analyze- /errorReport:prompt stdafx.cpp
         stdafx.cpp
         C:\Program Files (x86)\Microsoft Visual Studio 11.0\VC\bin\CL.exe /c /ZI /nologo /W3 /WX- /sdl /Od /Oy- /D WIN32 /D _WINDOWS /D _DEBUG /D _MBCS /Gm /EHsc /RTC1 /MTd /GS /fp:precise /Zc:wchar_t /Zc:forScope /Yu"stdafx.h" /Fp"Debug\图片管理器.pch" /Fo"Debug\\" /Fd"Debug\vc110.pdb" /Gd /TP /analyze- /errorReport:prompt AdminDlg.cpp Adomdb.cpp ChildFrm.cpp ClientWnd.cpp CommandDlg.cpp CommanddlgObj.cpp FileManageDlg.cpp FilesearchDlg.cpp ListToolBar.cpp LogInBox.cpp MainFrm.cpp MyBezier.cpp MyCircle.cpp MyEllipse.cpp myEdit.cpp MyFileDialog.cpp MyLine.cpp MyMultipleLine.cpp MyPoint.cpp MyRectangle.cpp NewClientBox.cpp SizeDlg.cpp StyleDlg.cpp ToolBarEditStatic.cpp "图片管理器.cpp" "图片管理器Doc.cpp" "图片管理器View.cpp"
         图片管理器View.cpp
     1>\\psf\home\desktop\图片管理器\picmanage\图片管理器\图片管理器view.cpp(120): warning C4018: “<”: 有符号/无符号不匹配
     1>\\psf\home\desktop\图片管理器\picmanage\图片管理器\图片管理器view.cpp(639): warning C4018: “<”: 有符号/无符号不匹配
         图片管理器Doc.cpp
         图片管理器.cpp
         ToolBarEditStatic.cpp
         StyleDlg.cpp
         SizeDlg.cpp
         NewClientBox.cpp
         MyRectangle.cpp
         MyPoint.cpp
         MyMultipleLine.cpp
     1>\\psf\home\desktop\图片管理器\picmanage\图片管理器\mymultipleline.cpp(40): warning C4018: “<”: 有符号/无符号不匹配
         MyLine.cpp
         MyFileDialog.cpp
         myEdit.cpp
         MyEllipse.cpp
         MyCircle.cpp
         MyBezier.cpp
         MainFrm.cpp
     1>\\psf\home\desktop\图片管理器\picmanage\图片管理器\mainfrm.cpp(511): warning C4018: “<”: 有符号/无符号不匹配
     1>\\psf\home\desktop\图片管理器\picmanage\图片管理器\mainfrm.cpp(548): warning C4129: “H”: 不可识别的字符转义序列
     1>\\psf\home\desktop\图片管理器\picmanage\图片管理器\mainfrm.cpp(548): warning C4129: “D”: 不可识别的字符转义序列
     1>\\psf\home\desktop\图片管理器\picmanage\图片管理器\mainfrm.cpp(681): warning C4018: “<”: 有符号/无符号不匹配
         LogInBox.cpp
         ListToolBar.cpp
         FilesearchDlg.cpp
         正在生成代码...
         正在编译...
         FileManageDlg.cpp
         CommanddlgObj.cpp
         CommandDlg.cpp
         ClientWnd.cpp
         ChildFrm.cpp
         Adomdb.cpp
         AdminDlg.cpp
         正在生成代码...
       ResourceCompile:
         C:\Program Files (x86)\Windows Kits\8.0\bin\x86\rc.exe /D _DEBUG /l"0x0804" /IDebug\ /nologo /fo"Debug\图片管理器.res" "图片管理器.rc" 
       Link:
         C:\Program Files (x86)\Microsoft Visual Studio 11.0\VC\bin\link.exe /ERRORREPORT:PROMPT /OUT:"\\psf\Home\Desktop\图片管理器\PicManage\Debug\图片管理器.exe" /INCREMENTAL /NOLOGO /MANIFEST /MANIFESTUAC:"level='asInvoker' uiAccess='false'" /manifest:embed /manifestinput:"C:\Program Files (x86)\Microsoft Visual Studio 11.0\VC\Include\Manifest\dpiaware.manifest" /DEBUG /PDB:"\\psf\Home\Desktop\图片管理器\PicManage\Debug\图片管理器.pdb" /SUBSYSTEM:WINDOWS /TLBID:1 /DYNAMICBASE /NXCOMPAT /IMPLIB:"\\psf\Home\Desktop\图片管理器\PicManage\Debug\图片管理器.lib" /MACHINE:X86 "Debug\图片管理器.res"
         Debug\AdminDlg.obj
         Debug\Adomdb.obj
         Debug\ChildFrm.obj
         Debug\ClientWnd.obj
         Debug\CommandDlg.obj
         Debug\CommanddlgObj.obj
         Debug\FileManageDlg.obj
         Debug\FilesearchDlg.obj
         Debug\ListToolBar.obj
         Debug\LogInBox.obj
         Debug\MainFrm.obj
         Debug\MyBezier.obj
         Debug\MyCircle.obj
         Debug\MyEllipse.obj
         Debug\myEdit.obj
         Debug\MyFileDialog.obj
         Debug\MyLine.obj
         Debug\MyMultipleLine.obj
         Debug\MyPoint.obj
         Debug\MyRectangle.obj
         Debug\NewClientBox.obj
         Debug\SizeDlg.obj
         Debug\stdafx.obj
         Debug\StyleDlg.obj
         Debug\ToolBarEditStatic.obj
         "Debug\图片管理器.obj"
         "Debug\图片管理器Doc.obj"
         "Debug\图片管理器View.obj"
         图片管理器.vcxproj -> \\psf\Home\Desktop\图片管理器\PicManage\Debug\图片管理器.exe
     1>已完成生成项目“\\psf\Home\Desktop\图片管理器\PicManage\图片管理器\图片管理器.vcxproj”(Build 个目标)的操作。

生成成功。

已用时间 00:00:25.98
